<?xml version="1.0" encoding="UTF-8"?>
<testng-results ignored="0" total="1" passed="1" failed="0" skipped="0">
  <reporter-output>
  </reporter-output>
  <suite started-at="2024-07-12T15:47:45 IST" name="Default suite" finished-at="2024-07-12T15:49:07 IST" duration-ms="81457">
    <groups>
    </groups>
    <test started-at="2024-07-12T15:47:45 IST" name="Default test" finished-at="2024-07-12T15:49:07 IST" duration-ms="81457">
      <class name="TestCases.LogIntoApplicationAddDishesOf1stRestaurant">
        <test-method signature="addDishes()[pri:0, instance:TestCases.LogIntoApplicationAddDishesOf1stRestaurant@732c2a62]" started-at="2024-07-12T15:47:46 IST" name="addDishes" finished-at="2024-07-12T15:49:07 IST" duration-ms="81398" status="PASS">
          <reporter-output>
          </reporter-output>
        </test-method> <!-- addDishes -->
      </class> <!-- TestCases.LogIntoApplicationAddDishesOf1stRestaurant -->
    </test> <!-- Default test -->
  </suite> <!-- Default suite -->
</testng-results>
